Using pre-set license

(Unity:8004): Gtk-WARNING **: 15:41:28.262: Theme parsing error: gtk-dark.css:6342:10: 'height' is not a valid property name
Desktop is 3840 x 2160 @ 60 Hz

 COMMAND LINE ARGUMENTS:
Unity
-adb2
-batchMode
-noUpm
-name
AssetImportWorker0
-projectPath
/home/fr0da/Documents/Projects/TopDownShooter3D
-logFile
Logs/AssetImportWorker0.log
-srvPort
35983
Successfully changed project path to: /home/fr0da/Documents/Projects/TopDownShooter3D
/home/fr0da/Documents/Projects/TopDownShooter3D
Using Asset Import Pipeline V2.
Refreshing native plugins compatible for Editor in 22.41 ms, found 0 plugins.
Preloading 0 native plugins for Editor in 0.00 ms.
Initialize engine version: 2020.3.9f1 (108be757e447)
[Subsystems] Discovering subsystems at path /home/fr0da/Unity/Hub/Editor/2020.3.9f1/Editor/Data/Resources/UnitySubsystems
[Subsystems] Discovering subsystems at path /home/fr0da/Documents/Projects/TopDownShooter3D/Assets
GLX Extensions: GLX_ARB_create_context GLX_ARB_create_context_no_error GLX_ARB_create_context_profile GLX_ARB_create_context_robustness GLX_ARB_fbconfig_float GLX_ARB_framebuffer_sRGB GLX_ARB_get_proc_address GLX_ARB_multisample GLX_EXT_buffer_age GLX_EXT_create_context_es2_profile GLX_EXT_create_context_es_profile GLX_EXT_fbconfig_packed_float GLX_EXT_framebuffer_sRGB GLX_EXT_import_context GLX_EXT_swap_control GLX_EXT_swap_control_tear GLX_EXT_texture_from_pixmap GLX_EXT_visual_info GLX_EXT_visual_rating GLX_INTEL_swap_event GLX_MESA_copy_sub_buffer GLX_MESA_query_renderer GLX_MESA_swap_control GLX_OML_swap_method GLX_OML_sync_control GLX_SGIS_multisample GLX_SGIX_fbconfig GLX_SGIX_pbuffer GLX_SGIX_visual_select_group GLX_SGI_make_current_read GLX_SGI_swap_control GLX_SGI_video_sync 
Renderer: Mesa Intel(R) UHD Graphics 620 (KBL GT2)
Vendor:   Intel
Version:  4.6 (Core Profile) Mesa 21.1.1
GLES:     0
 GL_3DFX_texture_compression_FXT1 GL_AMD_conservative_depth GL_AMD_depth_clamp_separate GL_AMD_draw_buffers_blend GL_AMD_gpu_shader_int64 GL_AMD_multi_draw_indirect GL_AMD_performance_monitor GL_AMD_pinned_memory GL_AMD_query_buffer_object GL_AMD_seamless_cubemap_per_texture GL_AMD_shader_stencil_export GL_AMD_shader_trinary_minmax GL_AMD_texture_texture4 GL_AMD_vertex_shader_layer GL_AMD_vertex_shader_viewport_index GL_ANGLE_texture_compression_dxt3 GL_ANGLE_texture_compression_dxt5 GL_ARB_ES2_compatibility GL_ARB_ES3_1_compatibility GL_ARB_ES3_2_compatibility GL_ARB_ES3_compatibility GL_ARB_arrays_of_arrays GL_ARB_base_instance GL_ARB_blend_func_extended GL_ARB_buffer_storage GL_ARB_clear_buffer_object GL_ARB_clear_texture GL_ARB_clip_control GL_ARB_compressed_texture_pixel_storage GL_ARB_compute_shader GL_ARB_compute_variable_group_size GL_ARB_conditional_render_inverted GL_ARB_conservative_depth GL_ARB_copy_buffer GL_ARB_copy_image GL_ARB_cull_distance GL_ARB_debug_output GL_ARB_depth_buffer_float GL_ARB
_depth_clamp GL_ARB_derivative_control GL_ARB_direct_state_access GL_ARB_draw_buffers GL_ARB_draw_buffers_blend GL_ARB_draw_elements_base_vertex GL_ARB_draw_indirect GL_ARB_draw_instanced GL_ARB_enhanced_layouts GL_ARB_explicit_attrib_location GL_ARB_explicit_uniform_location GL_ARB_fragment_coord_conventions GL_ARB_fragment_layer_viewport GL_ARB_fragment_shader GL_ARB_fragment_shader_interlock GL_ARB_framebuffer_no_attachments GL_ARB_framebuffer_object GL_ARB_framebuffer_sRGB GL_ARB_get_program_binary GL_ARB_get_texture_sub_image GL_ARB_gl_spirv GL_ARB_gpu_shader5 GL_ARB_gpu_shader_fp64 GL_ARB_gpu_shader_int64 GL_ARB_half_float_pixel GL_ARB_half_float_vertex GL_ARB_indirect_parameters GL_ARB_instanced_arrays GL_ARB_internalformat_query GL_ARB_internalformat_query2 GL_ARB_invalidate_subdata GL_ARB_map_buffer_alignment GL_ARB_map_buffer_range GL_ARB_multi_bind GL_ARB_multi_draw_indirect GL_ARB_occlusion_query2 GL_ARB_parallel_shader_compile GL_ARB_pipeline_statistics_query GL_ARB_pixel_buffer_object GL_ARB_po
int_sprite GL_ARB_polygon_offset_clamp GL_ARB_post_depth_coverage GL_ARB_program_interface_query GL_ARB_provoking_vertex GL_ARB_query_buffer_object GL_ARB_robust_buffer_access_behavior GL_ARB_robustness GL_ARB_sample_shading GL_ARB_sampler_objects GL_ARB_seamless_cube_map GL_ARB_seamless_cubemap_per_texture GL_ARB_separate_shader_objects GL_ARB_shader_atomic_counter_ops GL_ARB_shader_atomic_counters GL_ARB_shader_ballot GL_ARB_shader_bit_encoding GL_ARB_shader_clock GL_ARB_shader_draw_parameters GL_ARB_shader_group_vote GL_ARB_shader_image_load_store GL_ARB_shader_image_size GL_ARB_shader_objects GL_ARB_shader_precision GL_ARB_shader_stencil_export GL_ARB_shader_storage_buffer_object GL_ARB_shader_subroutine GL_ARB_shader_texture_image_samples GL_ARB_shader_texture_lod GL_ARB_shader_viewport_layer_array GL_ARB_shading_language_420pack GL_ARB_shading_language_include GL_ARB_shading_language_packing GL_ARB_spirv_extensions GL_ARB_stencil_texturing GL_ARB_sync GL_ARB_tessellation_shader GL_ARB_texture_barrier G
L_ARB_texture_buffer_object GL_ARB_texture_buffer_object_rgb32 GL_ARB_texture_buffer_range GL_ARB_texture_compression_bptc GL_ARB_texture_compression_rgtc GL_ARB_texture_cube_map_array GL_ARB_texture_filter_anisotropic GL_ARB_texture_float GL_ARB_texture_gather GL_ARB_texture_mirror_clamp_to_edge GL_ARB_texture_multisample GL_ARB_texture_non_power_of_two GL_ARB_texture_query_levels GL_ARB_texture_query_lod GL_ARB_texture_rectangle GL_ARB_texture_rg GL_ARB_texture_rgb10_a2ui GL_ARB_texture_stencil8 GL_ARB_texture_storage GL_ARB_texture_storage_multisample GL_ARB_texture_swizzle GL_ARB_texture_view GL_ARB_timer_query GL_ARB_transform_feedback2 GL_ARB_transform_feedback3 GL_ARB_transform_feedback_instanced GL_ARB_transform_feedback_overflow_query GL_ARB_uniform_buffer_object GL_ARB_vertex_array_bgra GL_ARB_vertex_array_object GL_ARB_vertex_attrib_64bit GL_ARB_vertex_attrib_binding GL_ARB_vertex_buffer_object GL_ARB_vertex_shader GL_ARB_vertex_type_10f_11f_11f_rev GL_ARB_vertex_type_2_10_10_10_rev GL_ARB_viewpor
t_array GL_ATI_blend_equation_separate GL_ATI_texture_float GL_EXT_EGL_image_storage GL_EXT_EGL_sync GL_EXT_abgr GL_EXT_blend_equation_separate GL_EXT_demote_to_helper_invocation GL_EXT_draw_buffers2 GL_EXT_draw_instanced GL_EXT_framebuffer_blit GL_EXT_framebuffer_multisample GL_EXT_framebuffer_multisample_blit_scaled GL_EXT_framebuffer_object GL_EXT_framebuffer_sRGB GL_EXT_packed_depth_stencil GL_EXT_packed_float GL_EXT_pixel_buffer_object GL_EXT_polygon_offset_clamp GL_EXT_provoking_vertex GL_EXT_semaphore GL_EXT_semaphore_fd GL_EXT_shader_framebuffer_fetch GL_EXT_shader_framebuffer_fetch_non_coherent GL_EXT_shader_integer_mix GL_EXT_shader_samples_identical GL_EXT_texture_array GL_EXT_texture_compression_dxt1 GL_EXT_texture_compression_rgtc GL_EXT_texture_compression_s3tc GL_EXT_texture_filter_anisotropic GL_EXT_texture_integer GL_EXT_texture_sRGB GL_EXT_texture_sRGB_R8 GL_EXT_texture_sRGB_decode GL_EXT_texture_shadow_lod GL_EXT_texture_shared_exponent GL_EXT_texture_snorm GL_EXT_texture_swizzle GL_EXT_ti
mer_query GL_EXT_transform_feedback GL_EXT_vertex_array_bgra GL_EXT_vertex_attrib_64bit GL_IBM_multimode_draw_arrays GL_INTEL_blackhole_render GL_INTEL_conservative_rasterization GL_INTEL_performance_query GL_INTEL_shader_atomic_float_minmax GL_INTEL_shader_integer_functions2 GL_KHR_blend_equation_advanced GL_KHR_blend_equation_advanced_coherent GL_KHR_context_flush_control GL_KHR_debug GL_KHR_no_error GL_KHR_parallel_shader_compile GL_KHR_robust_buffer_access_behavior GL_KHR_robustness GL_KHR_texture_compression_astc_ldr GL_KHR_texture_compression_astc_sliced_3d GL_MESA_framebuffer_flip_y GL_MESA_pack_invert GL_MESA_shader_integer_functions GL_MESA_texture_signed_rgba GL_NV_compute_shader_derivatives GL_NV_conditional_render GL_NV_copy_image GL_NV_depth_clamp GL_NV_fragment_shader_interlock GL_NV_packed_depth_stencil GL_NV_texture_barrier GL_OES_EGL_image GL_S3_s3tc
OPENGL LOG: Creating OpenGL 4.6 graphics device ; Context level  <OpenGL 4.5> ; Context handle -1268336928
Initialize mono
Mono path[0] = '/home/fr0da/Unity/Hub/Editor/2020.3.9f1/Editor/Data/Managed'
Mono path[1] = '/home/fr0da/Unity/Hub/Editor/2020.3.9f1/Editor/Data/MonoBleedingEdge/lib/mono/unityjit'
Mono config path = '/home/fr0da/Unity/Hub/Editor/2020.3.9f1/Editor/Data/MonoBleedingEdge/etc'
Using monoOptions --debugger-agent=transport=dt_socket,embedding=1,server=y,suspend=n,address=127.0.0.1:56004
Begin MonoManager ReloadAssembly
Registering precompiled unity dll's ...
Register platform support module: /home/fr0da/Unity/Hub/Editor/2020.3.9f1/Editor/Data/PlaybackEngines/WindowsStandaloneSupport/UnityEditor.WindowsStandalone.Extensions.dll
Register platform support module: /home/fr0da/Unity/Hub/Editor/2020.3.9f1/Editor/Data/PlaybackEngines/LinuxStandaloneSupport/UnityEditor.LinuxStandalone.Extensions.dll
Registered in 0.001863 seconds.
Native extension for LinuxStandalone target not found
Native extension for WindowsStandalone target not found
Refreshing native plugins compatible for Editor in 23.04 ms, found 0 plugins.
Preloading 0 native plugins for Editor in 0.00 ms.
Mono: successfully reloaded assembly
- Completed reload, in  1.551 seconds
Platform modules already initialized, skipping
Registering precompiled user dll's ...
Registered in 0.000497 seconds.
Begin MonoManager ReloadAssembly
Native extension for LinuxStandalone target not found
Native extension for WindowsStandalone target not found
Refreshing native plugins compatible for Editor in 0.23 ms, found 0 plugins.
Preloading 0 native plugins for Editor in 0.00 ms.
Mono: successfully reloaded assembly
- Completed reload, in  0.875 seconds
Platform modules already initialized, skipping
========================================================================
Worker process is ready to serve import requests
Launched and connected shader compiler UnityShaderCompiler after 0.00 seconds
Refreshing native plugins compatible for Editor in 0.22 ms, found 0 plugins.
Preloading 0 native plugins for Editor in 0.00 ms.
Unloading 1127 Unused Serialized files (Serialized files now loaded: 0)
System memory in use before: 51.9 MB.
System memory in use after: 51.9 MB.

Unloading 10 unused Assets to reduce memory usage. Loaded Objects now: 1569.
Total: 2.441222 ms (FindLiveObjects: 0.166898 ms CreateObjectMapping: 0.033441 ms MarkObjects: 2.121061 ms  DeleteObjects: 0.118877 ms)

========================================================================
Received Import Request.
  path: Assets/Materials/Barrier.mat
  artifactKey: Guid(3a04d0becbf095599ad676825bb13f6f) Importer(815301076,1909f56bfc062723c751e8b465ee728b)
Start importing Assets/Materials/Barrier.mat using Guid(3a04d0becbf095599ad676825bb13f6f) Importer(815301076,1909f56bfc062723c751e8b465ee728b)  -> (artifact id: '2114a68b82950282c07bfe061b84bb73') in 0.086385 seconds
  Import took 0.088506 seconds .

========================================================================
Received Import Request.
  Time since last request: 52.778554 seconds.
  path: Assets/Materials/Enemy.mat
  artifactKey: Guid(2cce7d3d51eae0f49b80472759af2f7a) Importer(815301076,1909f56bfc062723c751e8b465ee728b)
Start importing Assets/Materials/Enemy.mat using Guid(2cce7d3d51eae0f49b80472759af2f7a) Importer(815301076,1909f56bfc062723c751e8b465ee728b)  -> (artifact id: 'ec2a491945338cb29de7272cb2ef8f5f') in 0.077219 seconds
  Import took 0.080418 seconds .

========================================================================
Received Import Request.
  Time since last request: 23.873491 seconds.
  path: Assets/Materials/Enemy.mat
  artifactKey: Guid(2cce7d3d51eae0f49b80472759af2f7a) Importer(815301076,1909f56bfc062723c751e8b465ee728b)
Start importing Assets/Materials/Enemy.mat using Guid(2cce7d3d51eae0f49b80472759af2f7a) Importer(815301076,1909f56bfc062723c751e8b465ee728b)  -> (artifact id: '52aaa2fc458946a4f47850be441af448') in 0.031208 seconds
  Import took 0.036194 seconds .

========================================================================
Received Import Request.
  Time since last request: 102.862113 seconds.
  path: Assets/Scripts/PlayerMovement.cs
  artifactKey: Guid(00ab3a677240bd079b0599e97c8fb153) Importer(815301076,1909f56bfc062723c751e8b465ee728b)
Start importing Assets/Scripts/PlayerMovement.cs using Guid(00ab3a677240bd079b0599e97c8fb153) Importer(815301076,1909f56bfc062723c751e8b465ee728b)  -> (artifact id: 'f880a27165f69fdb123d864233ba030d') in 0.001573 seconds
  Import took 0.004541 seconds .

========================================================================
Received Import Request.
  Time since last request: 0.001019 seconds.
  path: Assets/Scripts/PlayerMovement.cs
  artifactKey: Guid(00ab3a677240bd079b0599e97c8fb153) Importer(815301076,1909f56bfc062723c751e8b465ee728b)
Start importing Assets/Scripts/PlayerMovement.cs using Guid(00ab3a677240bd079b0599e97c8fb153) Importer(815301076,1909f56bfc062723c751e8b465ee728b)  -> (artifact id: 'f880a27165f69fdb123d864233ba030d') in 0.001258 seconds
  Import took 0.003857 seconds .

========================================================================
Received Prepare
Registering precompiled user dll's ...
Registered in 0.000875 seconds.
Begin MonoManager ReloadAssembly
Native extension for LinuxStandalone target not found
Native extension for WindowsStandalone target not found
Refreshing native plugins compatible for Editor in 0.34 ms, found 0 plugins.
Preloading 0 native plugins for Editor in 0.00 ms.
Mono: successfully reloaded assembly
- Completed reload, in  1.063 seconds
Platform modules already initialized, skipping
Refreshing native plugins compatible for Editor in 0.28 ms, found 0 plugins.
Preloading 0 native plugins for Editor in 0.00 ms.
Unloading 1122 Unused Serialized files (Serialized files now loaded: 0)
System memory in use before: 53.4 MB.
System memory in use after: 53.5 MB.

Unloading 5 unused Assets to reduce memory usage. Loaded Objects now: 1612.
Total: 3.914670 ms (FindLiveObjects: 0.352995 ms CreateObjectMapping: 0.137754 ms MarkObjects: 3.293424 ms  DeleteObjects: 0.127688 ms)

========================================================================
Received Import Request.
  Time since last request: 290.456539 seconds.
  path: Assets/Scripts/PlayerShoot.cs
  artifactKey: Guid(63b7ff78c04e35b649ff2a9c91c1a2d2) Importer(815301076,1909f56bfc062723c751e8b465ee728b)
Start importing Assets/Scripts/PlayerShoot.cs using Guid(63b7ff78c04e35b649ff2a9c91c1a2d2) Importer(815301076,1909f56bfc062723c751e8b465ee728b)  -> (artifact id: '4406d58c10edc3891b7d7c4ca1751566') in 0.005563 seconds
  Import took 0.009977 seconds .

========================================================================
Received Prepare
Registering precompiled user dll's ...
Registered in 0.000691 seconds.
Begin MonoManager ReloadAssembly
Native extension for LinuxStandalone target not found
Native extension for WindowsStandalone target not found
Refreshing native plugins compatible for Editor in 0.37 ms, found 0 plugins.
Preloading 0 native plugins for Editor in 0.00 ms.
Mono: successfully reloaded assembly
- Completed reload, in  1.179 seconds
Platform modules already initialized, skipping
Refreshing native plugins compatible for Editor in 0.23 ms, found 0 plugins.
Preloading 0 native plugins for Editor in 0.00 ms.
Unloading 1122 Unused Serialized files (Serialized files now loaded: 0)
System memory in use before: 53.4 MB.
System memory in use after: 53.5 MB.

Unloading 5 unused Assets to reduce memory usage. Loaded Objects now: 1615.
Total: 2.684498 ms (FindLiveObjects: 0.222781 ms CreateObjectMapping: 0.063666 ms MarkObjects: 2.340019 ms  DeleteObjects: 0.055985 ms)

========================================================================
Received Prepare
Registering precompiled user dll's ...
Registered in 0.002684 seconds.
Begin MonoManager ReloadAssembly
Native extension for LinuxStandalone target not found
Native extension for WindowsStandalone target not found
Refreshing native plugins compatible for Editor in 0.23 ms, found 0 plugins.
Preloading 0 native plugins for Editor in 0.00 ms.
Mono: successfully reloaded assembly
- Completed reload, in  1.077 seconds
Platform modules already initialized, skipping
Refreshing native plugins compatible for Editor in 0.24 ms, found 0 plugins.
Preloading 0 native plugins for Editor in 0.00 ms.
Unloading 1122 Unused Serialized files (Serialized files now loaded: 0)
System memory in use before: 53.5 MB.
System memory in use after: 53.5 MB.

Unloading 5 unused Assets to reduce memory usage. Loaded Objects now: 1618.
Total: 2.523005 ms (FindLiveObjects: 0.189460 ms CreateObjectMapping: 0.036160 ms MarkObjects: 2.239803 ms  DeleteObjects: 0.055886 ms)

========================================================================
Received Prepare
Registering precompiled user dll's ...
Registered in 0.001570 seconds.
Begin MonoManager ReloadAssembly
Native extension for LinuxStandalone target not found
Native extension for WindowsStandalone target not found
Refreshing native plugins compatible for Editor in 0.23 ms, found 0 plugins.
Preloading 0 native plugins for Editor in 0.00 ms.
Mono: successfully reloaded assembly
- Completed reload, in  1.601 seconds
Platform modules already initialized, skipping
Refreshing native plugins compatible for Editor in 0.94 ms, found 0 plugins.
Preloading 0 native plugins for Editor in 0.00 ms.
Unloading 1122 Unused Serialized files (Serialized files now loaded: 0)
System memory in use before: 53.5 MB.
System memory in use after: 53.5 MB.

Unloading 5 unused Assets to reduce memory usage. Loaded Objects now: 1621.
Total: 6.532364 ms (FindLiveObjects: 1.049884 ms CreateObjectMapping: 0.328771 ms MarkObjects: 4.989918 ms  DeleteObjects: 0.157900 ms)

========================================================================
Received Import Request.
  Time since last request: 283.849753 seconds.
  path: Assets/PreFabs/Barrier.prefab
  artifactKey: Guid(cd78fcdf0ac02c04aa5a7c3a78ec276f) Importer(815301076,1909f56bfc062723c751e8b465ee728b)
Start importing Assets/PreFabs/Barrier.prefab using Guid(cd78fcdf0ac02c04aa5a7c3a78ec276f) Importer(815301076,1909f56bfc062723c751e8b465ee728b)  -> (artifact id: '5e4934f93de79fb1a0702dba45a0901a') in 0.107154 seconds
  Import took 0.110287 seconds .

========================================================================
Received Prepare
Registering precompiled user dll's ...
Registered in 0.001033 seconds.
Begin MonoManager ReloadAssembly
Native extension for LinuxStandalone target not found
Native extension for WindowsStandalone target not found
Refreshing native plugins compatible for Editor in 0.25 ms, found 0 plugins.
Preloading 0 native plugins for Editor in 0.00 ms.
Mono: successfully reloaded assembly
- Completed reload, in  1.657 seconds
Platform modules already initialized, skipping
Refreshing native plugins compatible for Editor in 0.40 ms, found 0 plugins.
Preloading 0 native plugins for Editor in 0.00 ms.
Unloading 1122 Unused Serialized files (Serialized files now loaded: 0)
System memory in use before: 53.5 MB.
System memory in use after: 53.6 MB.

Unloading 5 unused Assets to reduce memory usage. Loaded Objects now: 1626.
Total: 4.366357 ms (FindLiveObjects: 0.300440 ms CreateObjectMapping: 0.093262 ms MarkObjects: 3.858675 ms  DeleteObjects: 0.110542 ms)

========================================================================
Received Import Request.
  Time since last request: 192.166701 seconds.
  path: Assets/PreFabs/Player.prefab
  artifactKey: Guid(83dc9a6fd4f3b03a2a0851a5846e4b2e) Importer(815301076,1909f56bfc062723c751e8b465ee728b)
Start importing Assets/PreFabs/Player.prefab using Guid(83dc9a6fd4f3b03a2a0851a5846e4b2e) Importer(815301076,1909f56bfc062723c751e8b465ee728b)  -> (artifact id: '2311115654dce3b1b42af8477306f53c') in 0.240038 seconds
  Import took 0.250188 seconds .

========================================================================
Received Import Request.
  Time since last request: 13.310249 seconds.
  path: Assets/Scripts/PlayerShoot.cs
  artifactKey: Guid(63b7ff78c04e35b649ff2a9c91c1a2d2) Importer(815301076,1909f56bfc062723c751e8b465ee728b)
Start importing Assets/Scripts/PlayerShoot.cs using Guid(63b7ff78c04e35b649ff2a9c91c1a2d2) Importer(815301076,1909f56bfc062723c751e8b465ee728b)  -> (artifact id: 'b57ec255a7f746b91bf8b57ad150342f') in 0.001740 seconds
  Import took 0.005786 seconds .

========================================================================
Received Import Request.
  Time since last request: 0.008027 seconds.
  path: Assets/Scripts/PlayerShoot.cs
  artifactKey: Guid(63b7ff78c04e35b649ff2a9c91c1a2d2) Importer(815301076,1909f56bfc062723c751e8b465ee728b)
Start importing Assets/Scripts/PlayerShoot.cs using Guid(63b7ff78c04e35b649ff2a9c91c1a2d2) Importer(815301076,1909f56bfc062723c751e8b465ee728b)  -> (artifact id: 'b57ec255a7f746b91bf8b57ad150342f') in 0.001340 seconds
  Import took 0.006516 seconds .

========================================================================
Received Prepare
Registering precompiled user dll's ...
Registered in 0.001671 seconds.
Begin MonoManager ReloadAssembly
Native extension for LinuxStandalone target not found
Native extension for WindowsStandalone target not found
Refreshing native plugins compatible for Editor in 0.87 ms, found 0 plugins.
Preloading 0 native plugins for Editor in 0.00 ms.
Mono: successfully reloaded assembly
- Completed reload, in  2.046 seconds
Platform modules already initialized, skipping
Refreshing native plugins compatible for Editor in 0.25 ms, found 0 plugins.
Preloading 0 native plugins for Editor in 0.00 ms.
Unloading 1122 Unused Serialized files (Serialized files now loaded: 0)
System memory in use before: 53.5 MB.
System memory in use after: 53.6 MB.

Unloading 6 unused Assets to reduce memory usage. Loaded Objects now: 1630.
Total: 5.250025 ms (FindLiveObjects: 0.426397 ms CreateObjectMapping: 0.143367 ms MarkObjects: 4.410612 ms  DeleteObjects: 0.246294 ms)

========================================================================
Received Prepare
Registering precompiled user dll's ...
Registered in 0.000708 seconds.
Begin MonoManager ReloadAssembly
Native extension for LinuxStandalone target not found
Native extension for WindowsStandalone target not found
Refreshing native plugins compatible for Editor in 0.53 ms, found 0 plugins.
Preloading 0 native plugins for Editor in 0.00 ms.
Mono: successfully reloaded assembly
- Completed reload, in  1.199 seconds
Platform modules already initialized, skipping
Refreshing native plugins compatible for Editor in 0.22 ms, found 0 plugins.
Preloading 0 native plugins for Editor in 0.00 ms.
Unloading 1122 Unused Serialized files (Serialized files now loaded: 0)
System memory in use before: 53.5 MB.
System memory in use after: 53.6 MB.

Unloading 5 unused Assets to reduce memory usage. Loaded Objects now: 1633.
Total: 2.447999 ms (FindLiveObjects: 0.188588 ms CreateObjectMapping: 0.037232 ms MarkObjects: 2.150565 ms  DeleteObjects: 0.070475 ms)

========================================================================
Received Prepare
Registering precompiled user dll's ...
Registered in 0.000937 seconds.
Begin MonoManager ReloadAssembly
Native extension for LinuxStandalone target not found
Native extension for WindowsStandalone target not found
Refreshing native plugins compatible for Editor in 0.30 ms, found 0 plugins.
Preloading 0 native plugins for Editor in 0.00 ms.
Mono: successfully reloaded assembly
- Completed reload, in  1.957 seconds
Platform modules already initialized, skipping
Refreshing native plugins compatible for Editor in 0.98 ms, found 0 plugins.
Preloading 0 native plugins for Editor in 0.00 ms.
Unloading 1122 Unused Serialized files (Serialized files now loaded: 0)
System memory in use before: 53.5 MB.
System memory in use after: 53.6 MB.

Unloading 5 unused Assets to reduce memory usage. Loaded Objects now: 1636.
Total: 4.049494 ms (FindLiveObjects: 0.238160 ms CreateObjectMapping: 0.073204 ms MarkObjects: 3.637098 ms  DeleteObjects: 0.098635 ms)

========================================================================
Received Prepare
Registering precompiled user dll's ...
Registered in 0.001568 seconds.
Begin MonoManager ReloadAssembly
Native extension for LinuxStandalone target not found
Native extension for WindowsStandalone target not found
Refreshing native plugins compatible for Editor in 0.56 ms, found 0 plugins.
Preloading 0 native plugins for Editor in 0.00 ms.
Mono: successfully reloaded assembly
- Completed reload, in  1.141 seconds
Platform modules already initialized, skipping
Refreshing native plugins compatible for Editor in 0.23 ms, found 0 plugins.
Preloading 0 native plugins for Editor in 0.00 ms.
Unloading 1122 Unused Serialized files (Serialized files now loaded: 0)
System memory in use before: 53.5 MB.
System memory in use after: 53.6 MB.

Unloading 5 unused Assets to reduce memory usage. Loaded Objects now: 1639.
Total: 5.204515 ms (FindLiveObjects: 0.243233 ms CreateObjectMapping: 0.078000 ms MarkObjects: 4.687495 ms  DeleteObjects: 0.192566 ms)

========================================================================
Received Prepare
Registering precompiled user dll's ...
Registered in 0.000655 seconds.
Begin MonoManager ReloadAssembly
Native extension for LinuxStandalone target not found
Native extension for WindowsStandalone target not found
Refreshing native plugins compatible for Editor in 0.54 ms, found 0 plugins.
Preloading 0 native plugins for Editor in 0.00 ms.
Mono: successfully reloaded assembly
- Completed reload, in  1.282 seconds
Platform modules already initialized, skipping
Refreshing native plugins compatible for Editor in 0.29 ms, found 0 plugins.
Preloading 0 native plugins for Editor in 0.00 ms.
Unloading 1122 Unused Serialized files (Serialized files now loaded: 0)
System memory in use before: 53.5 MB.
System memory in use after: 53.6 MB.

Unloading 5 unused Assets to reduce memory usage. Loaded Objects now: 1642.
Total: 6.214425 ms (FindLiveObjects: 0.612955 ms CreateObjectMapping: 0.146720 ms MarkObjects: 5.358617 ms  DeleteObjects: 0.090762 ms)

========================================================================
Received Import Request.
  Time since last request: 610.632150 seconds.
  path: Assets/Scripts/BulletBehavior.cs
  artifactKey: Guid(a6584a326cfb4d3a4b57c7e283bd0a00) Importer(815301076,1909f56bfc062723c751e8b465ee728b)
Start importing Assets/Scripts/BulletBehavior.cs using Guid(a6584a326cfb4d3a4b57c7e283bd0a00) Importer(815301076,1909f56bfc062723c751e8b465ee728b)  -> (artifact id: '9f7e5c38b1d36e2858e1f71f729fcb5e') in 0.004689 seconds
  Import took 0.008506 seconds .

========================================================================
Received Prepare
Registering precompiled user dll's ...
Registered in 0.000963 seconds.
Begin MonoManager ReloadAssembly
Native extension for LinuxStandalone target not found
Native extension for WindowsStandalone target not found
Refreshing native plugins compatible for Editor in 0.94 ms, found 0 plugins.
Preloading 0 native plugins for Editor in 0.00 ms.
Mono: successfully reloaded assembly
- Completed reload, in  1.348 seconds
Platform modules already initialized, skipping
Refreshing native plugins compatible for Editor in 0.22 ms, found 0 plugins.
Preloading 0 native plugins for Editor in 0.00 ms.
Unloading 1122 Unused Serialized files (Serialized files now loaded: 0)
System memory in use before: 53.5 MB.
System memory in use after: 53.6 MB.

Unloading 5 unused Assets to reduce memory usage. Loaded Objects now: 1645.
Total: 3.366003 ms (FindLiveObjects: 0.565724 ms CreateObjectMapping: 0.051718 ms MarkObjects: 2.638883 ms  DeleteObjects: 0.107009 ms)

========================================================================
Received Import Request.
  Time since last request: 84.297140 seconds.
  path: Assets/Scripts/PlayerShoot.cs
  artifactKey: Guid(63b7ff78c04e35b649ff2a9c91c1a2d2) Importer(815301076,1909f56bfc062723c751e8b465ee728b)
Start importing Assets/Scripts/PlayerShoot.cs using Guid(63b7ff78c04e35b649ff2a9c91c1a2d2) Importer(815301076,1909f56bfc062723c751e8b465ee728b)  -> (artifact id: 'bf98d5269e5e453acc42589ddb51f5b4') in 0.005282 seconds
  Import took 0.011716 seconds .

========================================================================
Received Import Request.
  Time since last request: 0.032101 seconds.
  path: Assets/Scripts/PlayerShoot.cs
  artifactKey: Guid(63b7ff78c04e35b649ff2a9c91c1a2d2) Importer(815301076,1909f56bfc062723c751e8b465ee728b)
Start importing Assets/Scripts/PlayerShoot.cs using Guid(63b7ff78c04e35b649ff2a9c91c1a2d2) Importer(815301076,1909f56bfc062723c751e8b465ee728b)  -> (artifact id: 'bf98d5269e5e453acc42589ddb51f5b4') in 0.001381 seconds
  Import took 0.004471 seconds .

========================================================================
Received Prepare
Registering precompiled user dll's ...
Registered in 0.000870 seconds.
Begin MonoManager ReloadAssembly
Native extension for LinuxStandalone target not found
Native extension for WindowsStandalone target not found
Refreshing native plugins compatible for Editor in 0.30 ms, found 0 plugins.
Preloading 0 native plugins for Editor in 0.00 ms.
Mono: successfully reloaded assembly
- Completed reload, in  1.061 seconds
Platform modules already initialized, skipping
Refreshing native plugins compatible for Editor in 0.30 ms, found 0 plugins.
Preloading 0 native plugins for Editor in 0.00 ms.
Unloading 1122 Unused Serialized files (Serialized files now loaded: 0)
System memory in use before: 53.5 MB.
System memory in use after: 53.6 MB.

Unloading 5 unused Assets to reduce memory usage. Loaded Objects now: 1648.
Total: 2.711079 ms (FindLiveObjects: 0.212219 ms CreateObjectMapping: 0.038783 ms MarkObjects: 2.402798 ms  DeleteObjects: 0.055768 ms)

========================================================================
Received Import Request.
  Time since last request: 76.809402 seconds.
  path: Assets/Scripts/PlayerShoot.cs
  artifactKey: Guid(63b7ff78c04e35b649ff2a9c91c1a2d2) Importer(815301076,1909f56bfc062723c751e8b465ee728b)
Start importing Assets/Scripts/PlayerShoot.cs using Guid(63b7ff78c04e35b649ff2a9c91c1a2d2) Importer(815301076,1909f56bfc062723c751e8b465ee728b)  -> (artifact id: '5cd75115cb5485022e6e7e34a81146b4') in 0.003500 seconds
  Import took 0.006088 seconds .

========================================================================
Received Import Request.
  Time since last request: 1.516644 seconds.
  path: Assets/Scripts/PlayerShoot.cs
  artifactKey: Guid(63b7ff78c04e35b649ff2a9c91c1a2d2) Importer(815301076,1909f56bfc062723c751e8b465ee728b)
Start importing Assets/Scripts/PlayerShoot.cs using Guid(63b7ff78c04e35b649ff2a9c91c1a2d2) Importer(815301076,1909f56bfc062723c751e8b465ee728b)  -> (artifact id: '5cd75115cb5485022e6e7e34a81146b4') in 0.001024 seconds
  Import took 0.003803 seconds .

========================================================================
Received Prepare
Registering precompiled user dll's ...
Registered in 0.001500 seconds.
Begin MonoManager ReloadAssembly
Native extension for LinuxStandalone target not found
Native extension for WindowsStandalone target not found
Refreshing native plugins compatible for Editor in 0.23 ms, found 0 plugins.
Preloading 0 native plugins for Editor in 0.00 ms.
Mono: successfully reloaded assembly
- Completed reload, in  1.252 seconds
Platform modules already initialized, skipping
Refreshing native plugins compatible for Editor in 0.22 ms, found 0 plugins.
Preloading 0 native plugins for Editor in 0.00 ms.
Unloading 1122 Unused Serialized files (Serialized files now loaded: 0)
System memory in use before: 53.5 MB.
System memory in use after: 53.6 MB.

Unloading 5 unused Assets to reduce memory usage. Loaded Objects now: 1651.
Total: 2.732285 ms (FindLiveObjects: 0.226389 ms CreateObjectMapping: 0.049697 ms MarkObjects: 2.400038 ms  DeleteObjects: 0.054524 ms)

========================================================================
Received Prepare
Registering precompiled user dll's ...
Registered in 0.000613 seconds.
Begin MonoManager ReloadAssembly
Native extension for LinuxStandalone target not found
Native extension for WindowsStandalone target not found
Refreshing native plugins compatible for Editor in 0.29 ms, found 0 plugins.
Preloading 0 native plugins for Editor in 0.00 ms.
Mono: successfully reloaded assembly
- Completed reload, in  1.295 seconds
Platform modules already initialized, skipping
Refreshing native plugins compatible for Editor in 0.28 ms, found 0 plugins.
Preloading 0 native plugins for Editor in 0.00 ms.
Unloading 1122 Unused Serialized files (Serialized files now loaded: 0)
System memory in use before: 53.5 MB.
System memory in use after: 53.6 MB.

Unloading 5 unused Assets to reduce memory usage. Loaded Objects now: 1654.
Total: 4.422412 ms (FindLiveObjects: 0.441653 ms CreateObjectMapping: 0.189328 ms MarkObjects: 3.705788 ms  DeleteObjects: 0.083385 ms)

========================================================================
Received Import Request.
  Time since last request: 238.418271 seconds.
  path: Assets/Scripts/PlayerShoot.cs
  artifactKey: Guid(63b7ff78c04e35b649ff2a9c91c1a2d2) Importer(815301076,1909f56bfc062723c751e8b465ee728b)
Start importing Assets/Scripts/PlayerShoot.cs using Guid(63b7ff78c04e35b649ff2a9c91c1a2d2) Importer(815301076,1909f56bfc062723c751e8b465ee728b)  -> (artifact id: '76cabf772f618f338984f901411a3225') in 0.011339 seconds
  Import took 0.017144 seconds .

========================================================================
Received Prepare
Registering precompiled user dll's ...
Registered in 0.001133 seconds.
Begin MonoManager ReloadAssembly
Native extension for LinuxStandalone target not found
Native extension for WindowsStandalone target not found
Refreshing native plugins compatible for Editor in 0.36 ms, found 0 plugins.
Preloading 0 native plugins for Editor in 0.00 ms.
Mono: successfully reloaded assembly
- Completed reload, in  2.075 seconds
Platform modules already initialized, skipping
Refreshing native plugins compatible for Editor in 0.94 ms, found 0 plugins.
Preloading 0 native plugins for Editor in 0.00 ms.
Unloading 1122 Unused Serialized files (Serialized files now loaded: 0)
System memory in use before: 53.5 MB.
System memory in use after: 53.6 MB.

Unloading 5 unused Assets to reduce memory usage. Loaded Objects now: 1657.
Total: 5.851718 ms (FindLiveObjects: 0.490765 ms CreateObjectMapping: 0.163099 ms MarkObjects: 5.105596 ms  DeleteObjects: 0.089738 ms)

========================================================================
Received Prepare
Registering precompiled user dll's ...
Registered in 0.001357 seconds.
Begin MonoManager ReloadAssembly
Native extension for LinuxStandalone target not found
Native extension for WindowsStandalone target not found
Refreshing native plugins compatible for Editor in 0.25 ms, found 0 plugins.
Preloading 0 native plugins for Editor in 0.00 ms.
Mono: successfully reloaded assembly
- Completed reload, in  1.389 seconds
Platform modules already initialized, skipping
Refreshing native plugins compatible for Editor in 0.81 ms, found 0 plugins.
Preloading 0 native plugins for Editor in 0.00 ms.
Unloading 1122 Unused Serialized files (Serialized files now loaded: 0)
System memory in use before: 53.5 MB.
System memory in use after: 53.6 MB.

Unloading 5 unused Assets to reduce memory usage. Loaded Objects now: 1660.
Total: 7.527415 ms (FindLiveObjects: 0.641895 ms CreateObjectMapping: 0.185935 ms MarkObjects: 6.502829 ms  DeleteObjects: 0.193126 ms)

========================================================================
Received Prepare
Registering precompiled user dll's ...
Registered in 0.001840 seconds.
Begin MonoManager ReloadAssembly
Native extension for LinuxStandalone target not found
Native extension for WindowsStandalone target not found
Refreshing native plugins compatible for Editor in 0.81 ms, found 0 plugins.
Preloading 0 native plugins for Editor in 0.00 ms.
Mono: successfully reloaded assembly
- Completed reload, in  1.669 seconds
Platform modules already initialized, skipping
Refreshing native plugins compatible for Editor in 0.22 ms, found 0 plugins.
Preloading 0 native plugins for Editor in 0.00 ms.
Unloading 1122 Unused Serialized files (Serialized files now loaded: 0)
System memory in use before: 53.5 MB.
System memory in use after: 53.6 MB.

Unloading 5 unused Assets to reduce memory usage. Loaded Objects now: 1663.
Total: 2.932411 ms (FindLiveObjects: 0.302423 ms CreateObjectMapping: 0.062019 ms MarkObjects: 2.494971 ms  DeleteObjects: 0.070960 ms)

========================================================================
Received Import Request.
  Time since last request: 74.734944 seconds.
  path: Assets/Scripts/PlayerShoot.cs
  artifactKey: Guid(63b7ff78c04e35b649ff2a9c91c1a2d2) Importer(815301076,1909f56bfc062723c751e8b465ee728b)
Start importing Assets/Scripts/PlayerShoot.cs using Guid(63b7ff78c04e35b649ff2a9c91c1a2d2) Importer(815301076,1909f56bfc062723c751e8b465ee728b)  -> (artifact id: 'b2ac0b57d7ec87e347f442b308b55025') in 0.003676 seconds
  Import took 0.006125 seconds .

========================================================================
Received Import Request.
  Time since last request: 0.001565 seconds.
  path: Assets/Scripts/PlayerShoot.cs
  artifactKey: Guid(63b7ff78c04e35b649ff2a9c91c1a2d2) Importer(815301076,1909f56bfc062723c751e8b465ee728b)
Start importing Assets/Scripts/PlayerShoot.cs using Guid(63b7ff78c04e35b649ff2a9c91c1a2d2) Importer(815301076,1909f56bfc062723c751e8b465ee728b)  -> (artifact id: 'b2ac0b57d7ec87e347f442b308b55025') in 0.000890 seconds
  Import took 0.003104 seconds .

========================================================================
Received Prepare
Registering precompiled user dll's ...
Registered in 0.001460 seconds.
Begin MonoManager ReloadAssembly
Native extension for LinuxStandalone target not found
Native extension for WindowsStandalone target not found
Refreshing native plugins compatible for Editor in 0.29 ms, found 0 plugins.
Preloading 0 native plugins for Editor in 0.00 ms.
Mono: successfully reloaded assembly
- Completed reload, in  1.382 seconds
Platform modules already initialized, skipping
Refreshing native plugins compatible for Editor in 0.23 ms, found 0 plugins.
Preloading 0 native plugins for Editor in 0.00 ms.
Unloading 1122 Unused Serialized files (Serialized files now loaded: 0)
System memory in use before: 53.6 MB.
System memory in use after: 53.6 MB.

Unloading 5 unused Assets to reduce memory usage. Loaded Objects now: 1666.
Total: 2.701444 ms (FindLiveObjects: 0.235252 ms CreateObjectMapping: 0.059195 ms MarkObjects: 2.342366 ms  DeleteObjects: 0.062772 ms)

========================================================================
Received Import Request.
  Time since last request: 29.191444 seconds.
  path: Assets/Scripts/PlayerShoot.cs
  artifactKey: Guid(63b7ff78c04e35b649ff2a9c91c1a2d2) Importer(815301076,1909f56bfc062723c751e8b465ee728b)
Start importing Assets/Scripts/PlayerShoot.cs using Guid(63b7ff78c04e35b649ff2a9c91c1a2d2) Importer(815301076,1909f56bfc062723c751e8b465ee728b)  -> (artifact id: '09e287ee953781b4ff928404a389bc98') in 0.003188 seconds
  Import took 0.005525 seconds .

========================================================================
Received Import Request.
  Time since last request: 1.842792 seconds.
  path: Assets/Scripts/PlayerShoot.cs
  artifactKey: Guid(63b7ff78c04e35b649ff2a9c91c1a2d2) Importer(815301076,1909f56bfc062723c751e8b465ee728b)
Start importing Assets/Scripts/PlayerShoot.cs using Guid(63b7ff78c04e35b649ff2a9c91c1a2d2) Importer(815301076,1909f56bfc062723c751e8b465ee728b)  -> (artifact id: '09e287ee953781b4ff928404a389bc98') in 0.001053 seconds
  Import took 0.003464 seconds .

